2021-03-13 18:08:22,393 - root - INFO : 点击元素通讯录
2021-03-13 18:09:45,013 - root - INFO : 点击元素通讯录
2021-03-13 18:12:51,655 - root - INFO : 点击元素通讯录
2021-03-13 18:15:38,856 - root - INFO : 点击元素通讯录
2021-03-13 18:42:36,701 - root - INFO : 点击元素通讯录
2021-03-13 18:42:42,146 - root - INFO : 点击元素
2021-03-13 18:42:43,304 - root - INFO : 点击元素编辑成员
2021-03-13 18:44:13,169 - root - INFO : 点击元素通讯录
2021-03-13 18:44:18,811 - root - INFO : 点击元素
2021-03-13 18:44:19,993 - root - INFO : 点击元素编辑成员
2021-03-13 18:45:24,797 - root - INFO : 点击元素通讯录
2021-03-13 18:45:29,857 - root - INFO : 点击元素
2021-03-13 18:45:30,967 - root - INFO : 点击元素编辑成员
2021-03-13 18:46:53,476 - root - INFO : 点击元素通讯录
2021-03-13 18:46:58,992 - root - INFO : 点击元素
2021-03-13 18:47:00,019 - root - INFO : 点击元素编辑成员
2021-03-13 18:49:50,417 - root - INFO : 点击元素通讯录
2021-03-13 18:49:55,116 - root - INFO : 点击元素
2021-03-13 18:49:56,255 - root - INFO : 点击元素编辑成员
2021-03-13 18:52:47,356 - root - INFO : 点击元素：通讯录
2021-03-13 18:52:52,624 - root - INFO : 点击元素：
2021-03-13 18:52:53,824 - root - INFO : 点击元素：编辑成员
2021-03-13 18:54:50,629 - root - INFO : 点击元素：通讯录
2021-03-13 18:54:55,504 - root - INFO : 点击元素：
2021-03-13 18:54:56,552 - root - INFO : 点击元素：编辑成员
2021-03-13 18:54:59,167 - root - INFO : 点击元素：删除成员
