2021-03-13 21:00:26,041 - root - INFO : 点击元素：通讯录
2021-03-13 21:01:38,936 - root - INFO : 点击元素：通讯录
2021-03-13 21:02:29,426 - root - INFO : 点击元素：通讯录
2021-03-13 21:03:45,145 - root - INFO : 点击元素：通讯录
2021-03-13 21:04:20,367 - root - INFO : 点击元素：通讯录
2021-03-13 21:05:11,413 - root - INFO : 点击元素：通讯录
2021-03-13 21:12:08,761 - root - INFO : 点击元素：通讯录
2021-03-13 21:14:02,767 - root - INFO : 点击元素：通讯录
2021-03-13 21:15:22,199 - root - INFO : 点击元素：通讯录
2021-03-13 21:25:49,434 - root - INFO : 点击元素：通讯录
2021-03-13 21:28:32,802 - root - INFO : 点击元素：通讯录
2021-03-13 21:30:28,719 - root - INFO : 点击元素：通讯录
2021-03-13 21:32:06,623 - root - INFO : 点击元素：通讯录
2021-03-13 21:33:05,220 - root - INFO : 点击元素：通讯录
2021-03-13 21:34:35,888 - root - INFO : 点击元素：通讯录
2021-03-13 21:37:30,896 - root - WARNING : 元素：by=xpath locator=//*[@text="通讯录"] 未找到，开始黑名单处理...
2021-03-13 21:38:00,994 - root - INFO : 点击元素：通讯录
2021-03-13 21:38:43,097 - root - INFO : 点击元素：通讯录
2021-03-13 21:54:55,092 - root - INFO : 点击元素：通讯录
2021-03-13 21:54:59,555 - root - INFO : 元素：hang12，已找到...
2021-03-13 21:55:00,112 - root - INFO : 点击元素：
2021-03-13 21:55:01,189 - root - INFO : 点击元素：编辑成员
2021-03-13 21:55:03,795 - root - INFO : 点击元素：删除成员
2021-03-13 21:55:17,325 - root - WARNING : 元素：by=-android uiautomator locator=new UiScrollable(new UiSelector().scrollable(true).instance(0)).scrollIntoView(new UiSelector().text("我的客户").instance(0)); 未找到，开始黑名单处理...
2021-03-13 21:55:23,617 - root - INFO : 黑名单元素：<appium.webdriver.webelement.WebElement (session="99e57fda-90bf-47e9-9332-5dce1871e0b1", element="6")>已处理!
2021-03-13 21:55:27,880 - root - INFO : 元素：我的客户，已找到...
2021-03-13 21:55:50,906 - root - INFO : 点击元素：通讯录
2021-03-13 21:55:54,699 - root - INFO : 元素：hang13，已找到...
2021-03-13 21:55:55,846 - root - INFO : 点击元素：
2021-03-13 21:55:56,932 - root - INFO : 点击元素：编辑成员
2021-03-13 21:55:59,527 - root - INFO : 点击元素：删除成员
2021-03-13 21:56:13,081 - root - WARNING : 元素：by=-android uiautomator locator=new UiScrollable(new UiSelector().scrollable(true).instance(0)).scrollIntoView(new UiSelector().text("我的客户").instance(0)); 未找到，开始黑名单处理...
2021-03-13 21:56:19,499 - root - INFO : 黑名单元素：<appium.webdriver.webelement.WebElement (session="6f0bbc9e-61f7-4ed7-a1dc-0fc5e347d76d", element="6")>已处理!
2021-03-13 21:56:22,798 - root - INFO : 元素：我的客户，已找到...
