2021-03-14 00:08:29,279 - root - INFO : 点击元素：通讯录
2021-03-14 00:08:38,238 - root - INFO : 元素：添加成员，已找到...
2021-03-14 00:08:40,699 - root - INFO : 点击元素：手动输入添加
2021-03-14 00:08:49,627 - root - INFO : 元素：by=xpath locator=//*[@resource-id="com.tencent.wework:id/b7m"]，输入值为：李武
2021-03-14 00:08:55,628 - root - INFO : 元素：by=xpath locator=//*[@resource-id="com.tencent.wework:id/fwi"]，输入值为：13262515837
2021-03-14 00:08:56,202 - root - INFO : 点击元素：保存后自动发送邀请通知
2021-03-14 00:08:56,867 - root - INFO : 点击元素：保存
2021-03-14 00:13:40,755 - root - INFO : 点击元素：通讯录
2021-03-14 00:13:45,878 - root - INFO : 元素：hang2，已找到...
2021-03-14 00:13:46,094 - root - INFO : 点击元素：
2021-03-14 00:13:47,270 - root - INFO : 点击元素：编辑成员
2021-03-14 00:13:49,921 - root - INFO : 点击元素：删除成员
2021-03-14 00:14:03,498 - root - WARNING : 元素：by=-android uiautomator locator=new UiScrollable(new UiSelector().scrollable(true).instance(0)).scrollIntoView(new UiSelector().text("我的客户").instance(0)); 未找到，开始黑名单处理...
2021-03-14 00:14:27,733 - root - INFO : 点击元素：通讯录
2021-03-14 00:14:33,311 - root - INFO : 元素：hang3，已找到...
2021-03-14 00:14:33,450 - root - INFO : 点击元素：
2021-03-14 00:14:34,505 - root - INFO : 点击元素：编辑成员
2021-03-14 00:14:37,121 - root - INFO : 点击元素：删除成员
2021-03-14 00:14:50,654 - root - WARNING : 元素：by=-android uiautomator locator=new UiScrollable(new UiSelector().scrollable(true).instance(0)).scrollIntoView(new UiSelector().text("我的客户").instance(0)); 未找到，开始黑名单处理...
2021-03-14 00:15:14,326 - root - INFO : 点击元素：通讯录
2021-03-14 00:15:23,623 - root - INFO : 元素：添加成员，已找到...
2021-03-14 00:15:24,821 - root - INFO : 点击元素：手动输入添加
2021-03-14 00:15:33,745 - root - INFO : 元素：by=xpath locator=//*[@resource-id="com.tencent.wework:id/b7m"]，输入值为：李武
2021-03-14 00:15:39,842 - root - INFO : 元素：by=xpath locator=//*[@resource-id="com.tencent.wework:id/fwi"]，输入值为：13262515837
2021-03-14 00:15:40,391 - root - INFO : 点击元素：保存后自动发送邀请通知
2021-03-14 00:15:41,043 - root - INFO : 点击元素：保存
2021-03-14 00:22:13,499 - root - INFO : 点击元素：通讯录
2021-03-14 00:22:16,590 - root - INFO : 元素：hang2，已找到...
2021-03-14 00:22:18,186 - root - INFO : 点击元素：
2021-03-14 00:22:19,314 - root - INFO : 点击元素：编辑成员
2021-03-14 00:22:21,917 - root - INFO : 点击元素：删除成员
2021-03-14 00:22:37,386 - root - WARNING : 元素：by=-android uiautomator locator=new UiScrollable(new UiSelector().scrollable(true).instance(0)).scrollIntoView(new UiSelector().text("我的客户").instance(0)); 未找到，开始黑名单处理...
2021-03-14 00:22:43,751 - root - INFO : 黑名单元素：<appium.webdriver.webelement.WebElement (session="d749862e-ff09-44d1-a190-a5db36224da9", element="6")>已处理!
2021-03-14 00:22:45,619 - root - INFO : 元素：我的客户，已找到...
2021-03-14 00:26:04,312 - root - INFO : 点击元素：通讯录
2021-03-14 00:26:10,570 - root - INFO : 元素：hang4，已找到...
2021-03-14 00:26:10,771 - root - INFO : 点击元素：
2021-03-14 00:26:11,905 - root - INFO : 点击元素：编辑成员
2021-03-14 00:26:14,497 - root - INFO : 点击元素：删除成员
2021-03-14 00:26:25,029 - root - WARNING : 元素：by=-android uiautomator locator=new UiScrollable(new UiSelector().scrollable(true).instance(0)).scrollIntoView(new UiSelector().text("我的客户").instance(0)); 未找到，开始黑名单处理...
2021-03-14 00:26:48,740 - root - INFO : 点击元素：通讯录
2021-03-14 00:26:53,822 - root - INFO : 元素：hang3，已找到...
2021-03-14 00:26:53,919 - root - INFO : 点击元素：
2021-03-14 00:26:55,027 - root - INFO : 点击元素：编辑成员
2021-03-14 00:26:57,668 - root - INFO : 点击元素：删除成员
2021-03-14 00:27:08,434 - root - WARNING : 元素：by=-android uiautomator locator=new UiScrollable(new UiSelector().scrollable(true).instance(0)).scrollIntoView(new UiSelector().text("我的客户").instance(0)); 未找到，开始黑名单处理...
2021-03-14 00:27:32,116 - root - INFO : 点击元素：通讯录
2021-03-14 00:27:42,040 - root - INFO : 元素：添加成员，已找到...
2021-03-14 00:27:43,211 - root - INFO : 点击元素：手动输入添加
2021-03-14 00:27:52,220 - root - INFO : 元素：by=xpath locator=//*[@resource-id="com.tencent.wework:id/b7m"]，输入值为：李武啊
2021-03-14 00:27:58,192 - root - INFO : 元素：by=xpath locator=//*[@resource-id="com.tencent.wework:id/fwi"]，输入值为：13262515827
2021-03-14 00:27:58,751 - root - INFO : 点击元素：保存后自动发送邀请通知
2021-03-14 00:27:59,419 - root - INFO : 点击元素：保存
2021-03-14 00:28:23,775 - root - INFO : 点击元素：通讯录
2021-03-14 00:28:33,604 - root - INFO : 元素：添加成员，已找到...
2021-03-14 00:28:34,847 - root - INFO : 点击元素：手动输入添加
2021-03-14 00:28:43,695 - root - INFO : 元素：by=xpath locator=//*[@resource-id="com.tencent.wework:id/b7m"]，输入值为：里斯
2021-03-14 00:28:49,812 - root - INFO : 元素：by=xpath locator=//*[@resource-id="com.tencent.wework:id/fwi"]，输入值为：13456235231
2021-03-14 00:28:50,355 - root - INFO : 点击元素：保存后自动发送邀请通知
2021-03-14 00:28:51,016 - root - INFO : 点击元素：保存
2021-03-14 00:33:02,490 - root - INFO : 点击元素：通讯录
2021-03-14 00:33:05,916 - root - INFO : 元素：hang4，已找到...
2021-03-14 00:33:06,480 - root - INFO : 点击元素：
2021-03-14 00:33:07,576 - root - INFO : 点击元素：编辑成员
2021-03-14 00:33:10,120 - root - INFO : 点击元素：删除成员
2021-03-14 00:33:20,544 - root - WARNING : 元素：by=-android uiautomator locator=new UiScrollable(new UiSelector().scrollable(true).instance(0)).scrollIntoView(new UiSelector().text("我的客户").instance(0)); 未找到，开始黑名单处理...
2021-03-14 00:33:32,323 - root - INFO : 黑名单元素：<appium.webdriver.webelement.WebElement (session="7568ed97-9fad-4ea3-98eb-2fae38b22c4d", element="6")>已处理!
2021-03-14 00:33:33,985 - root - INFO : 元素：我的客户，已找到...
2021-03-14 00:34:46,579 - root - INFO : 点击元素：通讯录
2021-03-14 00:34:50,990 - root - INFO : 元素：hang6，已找到...
2021-03-14 00:34:51,516 - root - INFO : 点击元素：
2021-03-14 00:34:52,568 - root - INFO : 点击元素：编辑成员
2021-03-14 00:34:55,191 - root - INFO : 点击元素：删除成员
2021-03-14 00:35:05,749 - root - WARNING : 元素：by=-android uiautomator locator=new UiScrollable(new UiSelector().scrollable(true).instance(0)).scrollIntoView(new UiSelector().text("我的客户").instance(0)); 未找到，开始黑名单处理...
2021-03-14 00:35:29,837 - root - INFO : 点击元素：通讯录
2021-03-14 00:35:34,906 - root - INFO : 元素：hang3，已找到...
2021-03-14 00:35:35,058 - root - INFO : 点击元素：
2021-03-14 00:35:36,119 - root - INFO : 点击元素：编辑成员
2021-03-14 00:41:47,883 - root - INFO : 点击元素：通讯录
2021-03-14 00:41:52,776 - root - INFO : 元素：hang6，已找到...
2021-03-14 00:41:53,344 - root - INFO : 点击元素：
2021-03-14 00:41:54,407 - root - INFO : 点击元素：编辑成员
2021-03-14 00:41:57,020 - root - INFO : 点击元素：删除成员
2021-03-14 00:41:57,853 - root - INFO : 点击元素：确定
2021-03-14 00:42:02,169 - root - INFO : 元素：我的客户，已找到...
2021-03-14 00:42:25,605 - root - INFO : 点击元素：通讯录
2021-03-14 00:42:31,029 - root - INFO : 元素：hang3，已找到...
2021-03-14 00:42:31,258 - root - INFO : 点击元素：
2021-03-14 00:42:32,321 - root - INFO : 点击元素：编辑成员
2021-03-14 00:42:34,993 - root - INFO : 点击元素：删除成员
2021-03-14 00:42:35,842 - root - INFO : 点击元素：确定
2021-03-14 00:42:40,232 - root - INFO : 元素：我的客户，已找到...
2021-03-14 00:43:03,813 - root - INFO : 点击元素：通讯录
2021-03-14 00:43:13,460 - root - INFO : 元素：添加成员，已找到...
2021-03-14 00:43:14,778 - root - INFO : 点击元素：手动输入添加
2021-03-14 00:43:24,268 - root - INFO : 元素：by=xpath locator=//*[@resource-id="com.tencent.wework:id/b7m"]，输入值为：李武啊
2021-03-14 00:43:30,359 - root - INFO : 元素：by=xpath locator=//*[@resource-id="com.tencent.wework:id/fwi"]，输入值为：13262515827
2021-03-14 00:43:30,889 - root - INFO : 点击元素：保存后自动发送邀请通知
2021-03-14 00:43:31,543 - root - INFO : 点击元素：保存
2021-03-14 00:43:54,908 - root - INFO : 点击元素：通讯录
2021-03-14 00:44:03,627 - root - INFO : 元素：添加成员，已找到...
2021-03-14 00:44:04,787 - root - INFO : 点击元素：手动输入添加
2021-03-14 00:44:13,691 - root - INFO : 元素：by=xpath locator=//*[@resource-id="com.tencent.wework:id/b7m"]，输入值为：里斯
2021-03-14 00:44:19,652 - root - INFO : 元素：by=xpath locator=//*[@resource-id="com.tencent.wework:id/fwi"]，输入值为：13456235231
2021-03-14 00:44:20,223 - root - INFO : 点击元素：保存后自动发送邀请通知
2021-03-14 00:44:20,918 - root - INFO : 点击元素：保存
