2021-03-13 19:12:04,678 - root - INFO : 点击元素：通讯录
2021-03-13 19:12:09,959 - root - INFO : 点击元素：
2021-03-13 19:12:11,113 - root - INFO : 点击元素：编辑成员
2021-03-13 19:14:15,854 - root - INFO : 点击元素：通讯录
2021-03-13 19:16:46,129 - root - INFO : 点击元素：通讯录
2021-03-13 19:16:51,349 - root - INFO : 点击元素：
2021-03-13 19:16:52,558 - root - INFO : 点击元素：编辑成员
2021-03-13 19:16:53,908 - root - INFO : 点击元素：删除成员
2021-03-13 19:17:12,401 - root - INFO : 黑名单元素：<appium.webdriver.webelement.WebElement (session="c1939594-0ca9-486a-b431-4154f6dc1c42", element="6")>已处理!
2021-03-13 19:23:29,967 - root - INFO : 点击元素：通讯录
2021-03-13 19:24:14,634 - root - INFO : 点击元素：通讯录
2021-03-13 19:24:22,407 - root - INFO : 元素：wang1，已找到...
2021-03-13 19:24:23,523 - root - INFO : 点击元素：
2021-03-13 19:24:24,628 - root - INFO : 点击元素：编辑成员
2021-03-13 19:24:25,781 - root - INFO : 点击元素：普通成员
2021-03-13 19:26:04,487 - root - INFO : 点击元素：通讯录
2021-03-13 19:26:12,937 - root - INFO : 元素：wang1，已找到...
2021-03-13 19:26:13,074 - root - INFO : 点击元素：
2021-03-13 19:26:14,283 - root - INFO : 点击元素：编辑成员
2021-03-13 19:26:16,893 - root - INFO : 点击元素：删除成员
2021-03-13 19:26:36,967 - root - INFO : 黑名单元素：hang7已处理!
2021-03-13 19:29:35,451 - root - INFO : 点击元素：通讯录
2021-03-13 19:30:25,930 - root - INFO : 点击元素：通讯录
2021-03-13 19:30:32,846 - root - INFO : 元素：wang10，已找到...
2021-03-13 19:30:34,388 - root - INFO : 点击元素：
2021-03-13 19:30:35,465 - root - INFO : 点击元素：编辑成员
2021-03-13 19:30:38,041 - root - INFO : 点击元素：删除成员
2021-03-13 19:32:13,210 - root - INFO : 点击元素：通讯录
2021-03-13 19:32:21,572 - root - INFO : 元素：wang10，已找到...
2021-03-13 19:32:21,736 - root - INFO : 点击元素：
2021-03-13 19:32:22,802 - root - INFO : 点击元素：编辑成员
2021-03-13 19:32:25,418 - root - INFO : 点击元素：删除成员
2021-03-13 19:32:44,738 - root - INFO : 黑名单元素：<appium.webdriver.webelement.WebElement (session="63690c56-78dd-49d2-ab0f-707891a5fd79", element="6")>已处理!
2021-03-13 19:32:48,935 - root - INFO : 元素：我的客户，已找到...
